#
# A fatal error has been detected by the Java Runtime Environment:
#
#  SIGSEGV (0xb) at pc=0x00007f547091868c, pid=14347, tid=14349
#
# JRE version: Java(TM) SE Runtime Environment (11.0.1+13) (build 11.0.1+13-LTS)
# Java VM: Java HotSpot(TM) 64-Bit Server VM (11.0.1+13-LTS, mixed mode, tiered, compressed oops, g1 gc, linux-amd64)
# Problematic frame:
# V  [libjvm.so+0xd2d68c]  SignatureIterator::iterate_parameters()+0x1c
#
# No core dump will be written. Core dumps have been disabled. To enable core dumping, try "ulimit -c unlimited" before starting Java again
#
# If you would like to submit a bug report, please visit:
#   http://bugreport.java.com/bugreport/crash.jsp
#

---------------  S U M M A R Y ------------

Command Line: -agentlib:jdwp=transport=dt_socket,suspend=y,address=localhost:36685 -javaagent:/home/raj/Desktop/tools/sts-bundle/sts-3.9.12.RELEASE/configuration/org.eclipse.osgi/303/0/.cp/lib/javaagent-shaded.jar -Dfile.encoding=UTF-8 com.day2.session1.is_a.DemoInh

Host: Intel(R) Core(TM) i5-7200U CPU @ 2.50GHz, 4 cores, 7G, Zorin OS 15.3
Time: Fri Jan 20 13:31:26 2023 IST elapsed time: 1477 seconds (0d 0h 24m 37s)

---------------  T H R E A D  ---------------

Current thread (0x00007f5468013800):  JavaThread "main" [_thread_in_vm, id=14349, stack(0x00007f5471e0e000,0x00007f5471f0f000)]

Stack: [0x00007f5471e0e000,0x00007f5471f0f000],  sp=0x00007f5471f0d7a0,  free space=1021k
Native frames: (J=compiled Java code, A=aot compiled Java code, j=interpreted, Vv=VM code, C=native code)
V  [libjvm.so+0xd2d68c]  SignatureIterator::iterate_parameters()+0x1c
V  [libjvm.so+0x789e43]  frame::interpreter_callee_receiver_addr(Symbol*)+0x43
V  [libjvm.so+0x8a93a3]  InterpreterRuntime::resolve_invoke(JavaThread*, Bytecodes::Code)+0x1c3
V  [libjvm.so+0x8aa3bd]  InterpreterRuntime::resolve_from_cache(JavaThread*, Bytecodes::Code)+0x16d
j  com.day2.session1.is_a.DemoInh.main([Ljava/lang/String;)V+11
v  ~StubRoutines::call_stub
V  [libjvm.so+0x8b2e89]  JavaCalls::call_helper(JavaValue*, methodHandle const&, JavaCallArguments*, Thread*)+0x3b9
V  [libjvm.so+0x92d5eb]  jni_invoke_static(JNIEnv_*, JavaValue*, _jobject*, JNICallType, _jmethodID*, JNI_ArgumentPusher*, Thread*) [clone .isra.65] [clone .constprop.193]+0x1ab
V  [libjvm.so+0x92fc44]  jni_CallStaticVoidMethod+0x164
C  [libjli.so+0x579d]  JavaMain+0xe4d

Java frames: (J=compiled Java code, j=interpreted, Vv=VM code)
j  com.day2.session1.is_a.DemoInh.main([Ljava/lang/String;)V+11
v  ~StubRoutines::call_stub

siginfo: si_signo: 11 (SIGSEGV), si_code: 1 (SEGV_MAPERR), si_addr: 0x0000000000000006

Register to memory mapping:

RAX=0x00007f5470f75fd8: <offset 0x000000000138afd8> in /usr/lib/java/jdk-11.0.1/lib/server/libjvm.so at 0x00007f546fbeb000
RBX=0x00007f5471f0d7d0 is pointing into the stack for thread: 0x00007f5468013800
RCX={method} {0x00007f5450c1a5e8} 'main' '([Ljava/lang/String;)V' in 'com/day2/session1/is_a/DemoInh'
RDX=0x0 is NULL
RSP=0x00007f5471f0d7a0 is pointing into the stack for thread: 0x00007f5468013800
RBP=0x00007f5471f0d7c0 is pointing into the stack for thread: 0x00007f5468013800
RSI=0x0 is NULL
RDI=0x00007f5471f0d7d0 is pointing into the stack for thread: 0x00007f5468013800
R8 =0x00007f5450c45000 points into unknown readable memory
R9 =0x0000000000000002 is an unknown value
R10=0x00007f54710b51c0: <offset 0x00000000014ca1c0> in /usr/lib/java/jdk-11.0.1/lib/server/libjvm.so at 0x00007f546fbeb000
R11=0x0 is NULL
R12=0x00007f5471f0d880 is pointing into the stack for thread: 0x00007f5468013800
R13=0x00007f5471f0d7d0 is pointing into the stack for thread: 0x00007f5468013800
R14=0x00007f5468013d90 points into unknown readable memory
R15=0x00007f5468013d50 points into unknown readable memory


Registers:
RAX=0x00007f5470f75fd8, RBX=0x00007f5471f0d7d0, RCX=0x00007f5450c1a5e8, RDX=0x0000000000000000
RSP=0x00007f5471f0d7a0, RBP=0x00007f5471f0d7c0, RSI=0x0000000000000000, RDI=0x00007f5471f0d7d0
R8 =0x00007f5450c45000, R9 =0x0000000000000002, R10=0x00007f54710b51c0, R11=0x0000000000000000
R12=0x00007f5471f0d880, R13=0x00007f5471f0d7d0, R14=0x00007f5468013d90, R15=0x00007f5468013d50
RIP=0x00007f547091868c, EFLAGS=0x0000000000010206, CSGSFS=0x002b000000000033, ERR=0x0000000000000004
  TRAPNO=0x000000000000000e

Top of Stack: (sp=0x00007f5471f0d7a0)
0x00007f5471f0d7a0:   00007f54680142a8 00007f5471f0d7d0
0x00007f5471f0d7b0:   00007f5471f0d880 00007f5471f0d880
0x00007f5471f0d7c0:   00007f5471f0d810 00007f5470374e43
0x00007f5471f0d7d0:   00007f5470f75fd8 0000000000000000 

Instructions: (pc=0x00007f547091868c)
0x00007f547091866c:   00 00 00 00 55 48 89 e5 41 55 41 54 53 49 89 fd
0x00007f547091867c:   48 83 ec 08 48 8b 57 08 48 c7 47 10 00 00 00 00
0x00007f547091868c:   80 7a 06 28 0f 84 9a 03 00 00 48 8d 05 0b a0 72
0x00007f547091869c:   00 48 8d 15 76 3f 25 00 48 8d 3d cd 3f 25 00 be 


---------------  P R O C E S S  ---------------

Threads class SMR info:
_java_thread_list=0x00007f5420006a80, length=13, elements={
0x00007f5468013800, 0x00007f54681b6800, 0x00007f54681ba800, 0x00007f54681cf800,
0x00007f54681d1800, 0x00007f54681d3800, 0x00007f5468228000, 0x00007f546827c000,
0x00007f5468280000, 0x00007f5414001800, 0x00007f5468335000, 0x00007f5420001800,
0x00007f5420003000
}

Java Threads: ( => current thread )
=>0x00007f5468013800 JavaThread "main" [_thread_in_vm, id=14349, stack(0x00007f5471e0e000,0x00007f5471f0f000)]
  0x00007f54681b6800 JavaThread "Reference Handler" daemon [_thread_blocked, id=14362, stack(0x00007f546c48b000,0x00007f546c58c000)]
  0x00007f54681ba800 JavaThread "Finalizer" daemon [_thread_blocked, id=14363, stack(0x00007f546c38a000,0x00007f546c48b000)]
  0x00007f54681cf800 JavaThread "C2 CompilerThread0" daemon [_thread_blocked, id=14365, stack(0x00007f546c188000,0x00007f546c289000)]
  0x00007f54681d1800 JavaThread "C1 CompilerThread0" daemon [_thread_blocked, id=14366, stack(0x00007f546c087000,0x00007f546c188000)]
  0x00007f54681d3800 JavaThread "Sweeper thread" daemon [_thread_blocked, id=14367, stack(0x00007f5450344000,0x00007f5450445000)]
  0x00007f5468228000 JavaThread "Common-Cleaner" daemon [_thread_blocked, id=14368, stack(0x00007f5450243000,0x00007f5450344000)]
  0x00007f546827c000 JavaThread "JDWP Transport Listener: dt_socket" daemon [_thread_blocked, id=14370, stack(0x00007f54481cf000,0x00007f54482d0000)]
  0x00007f5468280000 JavaThread "JDWP Event Helper Thread" daemon [_thread_blocked, id=14373, stack(0x00007f54480ce000,0x00007f54481cf000)]
  0x00007f5414001800 JavaThread "JDWP Command Reader" daemon [_thread_in_native, id=14374, stack(0x00007f5441009000,0x00007f544110a000)]
  0x00007f5468335000 JavaThread "Service Thread" daemon [_thread_blocked, id=14377, stack(0x00007f5440ae0000,0x00007f5440be1000)]
  0x00007f5420001800 JavaThread "SIGHUP handler" daemon [_thread_blocked, id=15502, stack(0x00007f54408dd000,0x00007f54409de000)]
  0x00007f5420003000 JavaThread "SIGTERM handler" daemon [_thread_blocked, id=15551, stack(0x00007f54407dc000,0x00007f54408dd000)]

Other Threads:
  0x00007f54681ae800 VMThread "VM Thread" [stack: 0x00007f546c58e000,0x00007f546c68e000] [id=14361]
  0x00007f546803b800 GCTaskThread "GC Thread#0" [stack: 0x00007f546de9a000,0x00007f546df9a000] [id=14351]
  0x00007f546806c000 ConcurrentGCThread "G1 Main Marker" [stack: 0x00007f546ce1b000,0x00007f546cf1b000] [id=14354]
  0x00007f546806e000 ConcurrentGCThread "G1 Conc#0" [stack: 0x00007f546cd19000,0x00007f546ce19000] [id=14356]
  0x00007f54680e6000 ConcurrentGCThread "G1 Refine#0" [stack: 0x00007f546c813000,0x00007f546c913000] [id=14358]
  0x00007f54680e7800 ConcurrentGCThread "G1 Young RemSet Sampling" [stack: 0x00007f546c711000,0x00007f546c811000] [id=14359]

Threads with active compile tasks:

VM state:synchronizing (normal execution)

VM Mutex/Monitor currently owned by a thread:  ([mutex/lock_event])
[0x00007f546800f530] Threads_lock - owner thread: 0x00007f54681ae800

Heap address: 0x0000000085a00000, size: 1958 MB, Compressed Oops mode: 32-bit
Narrow klass base: 0x0000000000000000, Narrow klass shift: 3
Compressed class space size: 1073741824 Address: 0x0000000100000000

Heap:
 garbage-first heap   total 126976K, used 4096K [0x0000000085a00000, 0x0000000100000000)
  region size 1024K, 5 young (5120K), 0 survivors (0K)
 Metaspace       used 8749K, capacity 8867K, committed 9088K, reserved 1056768K
  class space    used 766K, capacity 802K, committed 896K, reserved 1048576K
Heap Regions: E=young(eden), S=young(survivor), O=old, HS=humongous(starts), HC=humongous(continues), CS=collection set, F=free, A=archive, TAMS=top-at-mark-start (previous, next)
|   0|0x0000000085a00000, 0x0000000085a00000, 0x0000000085b00000|  0%| F|  |TAMS 0x0000000085a00000, 0x0000000085a00000| Untracked 
|   1|0x0000000085b00000, 0x0000000085b00000, 0x0000000085c00000|  0%| F|  |TAMS 0x0000000085b00000, 0x0000000085b00000| Untracked 
|   2|0x0000000085c00000, 0x0000000085c00000, 0x0000000085d00000|  0%| F|  |TAMS 0x0000000085c00000, 0x0000000085c00000| Untracked 
|   3|0x0000000085d00000, 0x0000000085d00000, 0x0000000085e00000|  0%| F|  |TAMS 0x0000000085d00000, 0x0000000085d00000| Untracked 
|   4|0x0000000085e00000, 0x0000000085e00000, 0x0000000085f00000|  0%| F|  |TAMS 0x0000000085e00000, 0x0000000085e00000| Untracked 
|   5|0x0000000085f00000, 0x0000000085f00000, 0x0000000086000000|  0%| F|  |TAMS 0x0000000085f00000, 0x0000000085f00000| Untracked 
|   6|0x0000000086000000, 0x0000000086000000, 0x0000000086100000|  0%| F|  |TAMS 0x0000000086000000, 0x0000000086000000| Untracked 
|   7|0x0000000086100000, 0x0000000086100000, 0x0000000086200000|  0%| F|  |TAMS 0x0000000086100000, 0x0000000086100000| Untracked 
|   8|0x0000000086200000, 0x0000000086200000, 0x0000000086300000|  0%| F|  |TAMS 0x0000000086200000, 0x0000000086200000| Untracked 
|   9|0x0000000086300000, 0x0000000086300000, 0x0000000086400000|  0%| F|  |TAMS 0x0000000086300000, 0x0000000086300000| Untracked 
|  10|0x0000000086400000, 0x0000000086400000, 0x0000000086500000|  0%| F|  |TAMS 0x0000000086400000, 0x0000000086400000| Untracked 
|  11|0x0000000086500000, 0x0000000086500000, 0x0000000086600000|  0%| F|  |TAMS 0x0000000086500000, 0x0000000086500000| Untracked 
|  12|0x0000000086600000, 0x0000000086600000, 0x0000000086700000|  0%| F|  |TAMS 0x0000000086600000, 0x0000000086600000| Untracked 
|  13|0x0000000086700000, 0x0000000086700000, 0x0000000086800000|  0%| F|  |TAMS 0x0000000086700000, 0x0000000086700000| Untracked 
|  14|0x0000000086800000, 0x0000000086800000, 0x0000000086900000|  0%| F|  |TAMS 0x0000000086800000, 0x0000000086800000| Untracked 
|  15|0x0000000086900000, 0x0000000086900000, 0x0000000086a00000|  0%| F|  |TAMS 0x0000000086900000, 0x0000000086900000| Untracked 
|  16|0x0000000086a00000, 0x0000000086a00000, 0x0000000086b00000|  0%| F|  |TAMS 0x0000000086a00000, 0x0000000086a00000| Untracked 
|  17|0x0000000086b00000, 0x0000000086b00000, 0x0000000086c00000|  0%| F|  |TAMS 0x0000000086b00000, 0x0000000086b00000| Untracked 
|  18|0x0000000086c00000, 0x0000000086c00000, 0x0000000086d00000|  0%| F|  |TAMS 0x0000000086c00000, 0x0000000086c00000| Untracked 
|  19|0x0000000086d00000, 0x0000000086d00000, 0x0000000086e00000|  0%| F|  |TAMS 0x0000000086d00000, 0x0000000086d00000| Untracked 
|  20|0x0000000086e00000, 0x0000000086e00000, 0x0000000086f00000|  0%| F|  |TAMS 0x0000000086e00000, 0x0000000086e00000| Untracked 
|  21|0x0000000086f00000, 0x0000000086f00000, 0x0000000087000000|  0%| F|  |TAMS 0x0000000086f00000, 0x0000000086f00000| Untracked 
|  22|0x0000000087000000, 0x0000000087000000, 0x0000000087100000|  0%| F|  |TAMS 0x0000000087000000, 0x0000000087000000| Untracked 
|  23|0x0000000087100000, 0x0000000087100000, 0x0000000087200000|  0%| F|  |TAMS 0x0000000087100000, 0x0000000087100000| Untracked 
|  24|0x0000000087200000, 0x0000000087200000, 0x0000000087300000|  0%| F|  |TAMS 0x0000000087200000, 0x0000000087200000| Untracked 
|  25|0x0000000087300000, 0x0000000087300000, 0x0000000087400000|  0%| F|  |TAMS 0x0000000087300000, 0x0000000087300000| Untracked 
|  26|0x0000000087400000, 0x0000000087400000, 0x0000000087500000|  0%| F|  |TAMS 0x0000000087400000, 0x0000000087400000| Untracked 
|  27|0x0000000087500000, 0x0000000087500000, 0x0000000087600000|  0%| F|  |TAMS 0x0000000087500000, 0x0000000087500000| Untracked 
|  28|0x0000000087600000, 0x0000000087600000, 0x0000000087700000|  0%| F|  |TAMS 0x0000000087600000, 0x0000000087600000| Untracked 
|  29|0x0000000087700000, 0x0000000087700000, 0x0000000087800000|  0%| F|  |TAMS 0x0000000087700000, 0x0000000087700000| Untracked 
|  30|0x0000000087800000, 0x0000000087800000, 0x0000000087900000|  0%| F|  |TAMS 0x0000000087800000, 0x0000000087800000| Untracked 
|  31|0x0000000087900000, 0x0000000087900000, 0x0000000087a00000|  0%| F|  |TAMS 0x0000000087900000, 0x0000000087900000| Untracked 
|  32|0x0000000087a00000, 0x0000000087a00000, 0x0000000087b00000|  0%| F|  |TAMS 0x0000000087a00000, 0x0000000087a00000| Untracked 
|  33|0x0000000087b00000, 0x0000000087b00000, 0x0000000087c00000|  0%| F|  |TAMS 0x0000000087b00000, 0x0000000087b00000| Untracked 
|  34|0x0000000087c00000, 0x0000000087c00000, 0x0000000087d00000|  0%| F|  |TAMS 0x0000000087c00000, 0x0000000087c00000| Untracked 
|  35|0x0000000087d00000, 0x0000000087d00000, 0x0000000087e00000|  0%| F|  |TAMS 0x0000000087d00000, 0x0000000087d00000| Untracked 
|  36|0x0000000087e00000, 0x0000000087e00000, 0x0000000087f00000|  0%| F|  |TAMS 0x0000000087e00000, 0x0000000087e00000| Untracked 
|  37|0x0000000087f00000, 0x0000000087f00000, 0x0000000088000000|  0%| F|  |TAMS 0x0000000087f00000, 0x0000000087f00000| Untracked 
|  38|0x0000000088000000, 0x0000000088000000, 0x0000000088100000|  0%| F|  |TAMS 0x0000000088000000, 0x0000000088000000| Untracked 
|  39|0x0000000088100000, 0x0000000088100000, 0x0000000088200000|  0%| F|  |TAMS 0x0000000088100000, 0x0000000088100000| Untracked 
|  40|0x0000000088200000, 0x0000000088200000, 0x0000000088300000|  0%| F|  |TAMS 0x0000000088200000, 0x0000000088200000| Untracked 
|  41|0x0000000088300000, 0x0000000088300000, 0x0000000088400000|  0%| F|  |TAMS 0x0000000088300000, 0x0000000088300000| Untracked 
|  42|0x0000000088400000, 0x0000000088400000, 0x0000000088500000|  0%| F|  |TAMS 0x0000000088400000, 0x0000000088400000| Untracked 
|  43|0x0000000088500000, 0x0000000088500000, 0x0000000088600000|  0%| F|  |TAMS 0x0000000088500000, 0x0000000088500000| Untracked 
|  44|0x0000000088600000, 0x0000000088600000, 0x0000000088700000|  0%| F|  |TAMS 0x0000000088600000, 0x0000000088600000| Untracked 
|  45|0x0000000088700000, 0x0000000088700000, 0x0000000088800000|  0%| F|  |TAMS 0x0000000088700000, 0x0000000088700000| Untracked 
|  46|0x0000000088800000, 0x0000000088800000, 0x0000000088900000|  0%| F|  |TAMS 0x0000000088800000, 0x0000000088800000| Untracked 
|  47|0x0000000088900000, 0x0000000088900000, 0x0000000088a00000|  0%| F|  |TAMS 0x0000000088900000, 0x0000000088900000| Untracked 
|  48|0x0000000088a00000, 0x0000000088a00000, 0x0000000088b00000|  0%| F|  |TAMS 0x0000000088a00000, 0x0000000088a00000| Untracked 
|  49|0x0000000088b00000, 0x0000000088b00000, 0x0000000088c00000|  0%| F|  |TAMS 0x0000000088b00000, 0x0000000088b00000| Untracked 
|  50|0x0000000088c00000, 0x0000000088c00000, 0x0000000088d00000|  0%| F|  |TAMS 0x0000000088c00000, 0x0000000088c00000| Untracked 
|  51|0x0000000088d00000, 0x0000000088d00000, 0x0000000088e00000|  0%| F|  |TAMS 0x0000000088d00000, 0x0000000088d00000| Untracked 
|  52|0x0000000088e00000, 0x0000000088e00000, 0x0000000088f00000|  0%| F|  |TAMS 0x0000000088e00000, 0x0000000088e00000| Untracked 
|  53|0x0000000088f00000, 0x0000000088f00000, 0x0000000089000000|  0%| F|  |TAMS 0x0000000088f00000, 0x0000000088f00000| Untracked 
|  54|0x0000000089000000, 0x0000000089000000, 0x0000000089100000|  0%| F|  |TAMS 0x0000000089000000, 0x0000000089000000| Untracked 
|  55|0x0000000089100000, 0x0000000089100000, 0x0000000089200000|  0%| F|  |TAMS 0x0000000089100000, 0x0000000089100000| Untracked 
|  56|0x0000000089200000, 0x0000000089200000, 0x0000000089300000|  0%| F|  |TAMS 0x0000000089200000, 0x0000000089200000| Untracked 
|  57|0x0000000089300000, 0x0000000089300000, 0x0000000089400000|  0%| F|  |TAMS 0x0000000089300000, 0x0000000089300000| Untracked 
|  58|0x0000000089400000, 0x0000000089400000, 0x0000000089500000|  0%| F|  |TAMS 0x0000000089400000, 0x0000000089400000| Untracked 
|  59|0x0000000089500000, 0x0000000089500000, 0x0000000089600000|  0%| F|  |TAMS 0x0000000089500000, 0x0000000089500000| Untracked 
|  60|0x0000000089600000, 0x0000000089600000, 0x0000000089700000|  0%| F|  |TAMS 0x0000000089600000, 0x0000000089600000| Untracked 
|  61|0x0000000089700000, 0x0000000089700000, 0x0000000089800000|  0%| F|  |TAMS 0x0000000089700000, 0x0000000089700000| Untracked 
|  62|0x0000000089800000, 0x0000000089800000, 0x0000000089900000|  0%| F|  |TAMS 0x0000000089800000, 0x0000000089800000| Untracked 
|  63|0x0000000089900000, 0x0000000089900000, 0x0000000089a00000|  0%| F|  |TAMS 0x0000000089900000, 0x0000000089900000| Untracked 
|  64|0x0000000089a00000, 0x0000000089a00000, 0x0000000089b00000|  0%| F|  |TAMS 0x0000000089a00000, 0x0000000089a00000| Untracked 
|  65|0x0000000089b00000, 0x0000000089b00000, 0x0000000089c00000|  0%| F|  |TAMS 0x0000000089b00000, 0x0000000089b00000| Untracked 
|  66|0x0000000089c00000, 0x0000000089c00000, 0x0000000089d00000|  0%| F|  |TAMS 0x0000000089c00000, 0x0000000089c00000| Untracked 
|  67|0x0000000089d00000, 0x0000000089d00000, 0x0000000089e00000|  0%| F|  |TAMS 0x0000000089d00000, 0x0000000089d00000| Untracked 
|  68|0x0000000089e00000, 0x0000000089e00000, 0x0000000089f00000|  0%| F|  |TAMS 0x0000000089e00000, 0x0000000089e00000| Untracked 
|  69|0x0000000089f00000, 0x0000000089f00000, 0x000000008a000000|  0%| F|  |TAMS 0x0000000089f00000, 0x0000000089f00000| Untracked 
|  70|0x000000008a000000, 0x000000008a000000, 0x000000008a100000|  0%| F|  |TAMS 0x000000008a000000, 0x000000008a000000| Untracked 
|  71|0x000000008a100000, 0x000000008a100000, 0x000000008a200000|  0%| F|  |TAMS 0x000000008a100000, 0x000000008a100000| Untracked 
|  72|0x000000008a200000, 0x000000008a200000, 0x000000008a300000|  0%| F|  |TAMS 0x000000008a200000, 0x000000008a200000| Untracked 
|  73|0x000000008a300000, 0x000000008a300000, 0x000000008a400000|  0%| F|  |TAMS 0x000000008a300000, 0x000000008a300000| Untracked 
|  74|0x000000008a400000, 0x000000008a400000, 0x000000008a500000|  0%| F|  |TAMS 0x000000008a400000, 0x000000008a400000| Untracked 
|  75|0x000000008a500000, 0x000000008a500000, 0x000000008a600000|  0%| F|  |TAMS 0x000000008a500000, 0x000000008a500000| Untracked 
|  76|0x000000008a600000, 0x000000008a600000, 0x000000008a700000|  0%| F|  |TAMS 0x000000008a600000, 0x000000008a600000| Untracked 
|  77|0x000000008a700000, 0x000000008a700000, 0x000000008a800000|  0%| F|  |TAMS 0x000000008a700000, 0x000000008a700000| Untracked 
|  78|0x000000008a800000, 0x000000008a800000, 0x000000008a900000|  0%| F|  |TAMS 0x000000008a800000, 0x000000008a800000| Untracked 
|  79|0x000000008a900000, 0x000000008a900000, 0x000000008aa00000|  0%| F|  |TAMS 0x000000008a900000, 0x000000008a900000| Untracked 
|  80|0x000000008aa00000, 0x000000008aa00000, 0x000000008ab00000|  0%| F|  |TAMS 0x000000008aa00000, 0x000000008aa00000| Untracked 
|  81|0x000000008ab00000, 0x000000008ab00000, 0x000000008ac00000|  0%| F|  |TAMS 0x000000008ab00000, 0x000000008ab00000| Untracked 
|  82|0x000000008ac00000, 0x000000008ac00000, 0x000000008ad00000|  0%| F|  |TAMS 0x000000008ac00000, 0x000000008ac00000| Untracked 
|  83|0x000000008ad00000, 0x000000008ad00000, 0x000000008ae00000|  0%| F|  |TAMS 0x000000008ad00000, 0x000000008ad00000| Untracked 
|  84|0x000000008ae00000, 0x000000008ae00000, 0x000000008af00000|  0%| F|  |TAMS 0x000000008ae00000, 0x000000008ae00000| Untracked 
|  85|0x000000008af00000, 0x000000008af00000, 0x000000008b000000|  0%| F|  |TAMS 0x000000008af00000, 0x000000008af00000| Untracked 
|  86|0x000000008b000000, 0x000000008b000000, 0x000000008b100000|  0%| F|  |TAMS 0x000000008b000000, 0x000000008b000000| Untracked 
|  87|0x000000008b100000, 0x000000008b100000, 0x000000008b200000|  0%| F|  |TAMS 0x000000008b100000, 0x000000008b100000| Untracked 
|  88|0x000000008b200000, 0x000000008b200000, 0x000000008b300000|  0%| F|  |TAMS 0x000000008b200000, 0x000000008b200000| Untracked 
|  89|0x000000008b300000, 0x000000008b300000, 0x000000008b400000|  0%| F|  |TAMS 0x000000008b300000, 0x000000008b300000| Untracked 
|  90|0x000000008b400000, 0x000000008b400000, 0x000000008b500000|  0%| F|  |TAMS 0x000000008b400000, 0x000000008b400000| Untracked 
|  91|0x000000008b500000, 0x000000008b500000, 0x000000008b600000|  0%| F|  |TAMS 0x000000008b500000, 0x000000008b500000| Untracked 
|  92|0x000000008b600000, 0x000000008b600000, 0x000000008b700000|  0%| F|  |TAMS 0x000000008b600000, 0x000000008b600000| Untracked 
|  93|0x000000008b700000, 0x000000008b700000, 0x000000008b800000|  0%| F|  |TAMS 0x000000008b700000, 0x000000008b700000| Untracked 
|  94|0x000000008b800000, 0x000000008b800000, 0x000000008b900000|  0%| F|  |TAMS 0x000000008b800000, 0x000000008b800000| Untracked 
|  95|0x000000008b900000, 0x000000008b900000, 0x000000008ba00000|  0%| F|  |TAMS 0x000000008b900000, 0x000000008b900000| Untracked 
|  96|0x000000008ba00000, 0x000000008ba00000, 0x000000008bb00000|  0%| F|  |TAMS 0x000000008ba00000, 0x000000008ba00000| Untracked 
|  97|0x000000008bb00000, 0x000000008bb00000, 0x000000008bc00000|  0%| F|  |TAMS 0x000000008bb00000, 0x000000008bb00000| Untracked 
|  98|0x000000008bc00000, 0x000000008bc00000, 0x000000008bd00000|  0%| F|  |TAMS 0x000000008bc00000, 0x000000008bc00000| Untracked 
|  99|0x000000008bd00000, 0x000000008bd00000, 0x000000008be00000|  0%| F|  |TAMS 0x000000008bd00000, 0x000000008bd00000| Untracked 
| 100|0x000000008be00000, 0x000000008be00000, 0x000000008bf00000|  0%| F|  |TAMS 0x000000008be00000, 0x000000008be00000| Untracked 
| 101|0x000000008bf00000, 0x000000008bf00000, 0x000000008c000000|  0%| F|  |TAMS 0x000000008bf00000, 0x000000008bf00000| Untracked 
| 102|0x000000008c000000, 0x000000008c000000, 0x000000008c100000|  0%| F|  |TAMS 0x000000008c000000, 0x000000008c000000| Untracked 
| 103|0x000000008c100000, 0x000000008c100000, 0x000000008c200000|  0%| F|  |TAMS 0x000000008c100000, 0x000000008c100000| Untracked 
| 104|0x000000008c200000, 0x000000008c200000, 0x000000008c300000|  0%| F|  |TAMS 0x000000008c200000, 0x000000008c200000| Untracked 
| 105|0x000000008c300000, 0x000000008c300000, 0x000000008c400000|  0%| F|  |TAMS 0x000000008c300000, 0x000000008c300000| Untracked 
| 106|0x000000008c400000, 0x000000008c400000, 0x000000008c500000|  0%| F|  |TAMS 0x000000008c400000, 0x000000008c400000| Untracked 
| 107|0x000000008c500000, 0x000000008c500000, 0x000000008c600000|  0%| F|  |TAMS 0x000000008c500000, 0x000000008c500000| Untracked 
| 108|0x000000008c600000, 0x000000008c600000, 0x000000008c700000|  0%| F|  |TAMS 0x000000008c600000, 0x000000008c600000| Untracked 
| 109|0x000000008c700000, 0x000000008c700000, 0x000000008c800000|  0%| F|  |TAMS 0x000000008c700000, 0x000000008c700000| Untracked 
| 110|0x000000008c800000, 0x000000008c800000, 0x000000008c900000|  0%| F|  |TAMS 0x000000008c800000, 0x000000008c800000| Untracked 
| 111|0x000000008c900000, 0x000000008c900000, 0x000000008ca00000|  0%| F|  |TAMS 0x000000008c900000, 0x000000008c900000| Untracked 
| 112|0x000000008ca00000, 0x000000008ca00000, 0x000000008cb00000|  0%| F|  |TAMS 0x000000008ca00000, 0x000000008ca00000| Untracked 
| 113|0x000000008cb00000, 0x000000008cb00000, 0x000000008cc00000|  0%| F|  |TAMS 0x000000008cb00000, 0x000000008cb00000| Untracked 
| 114|0x000000008cc00000, 0x000000008cc00000, 0x000000008cd00000|  0%| F|  |TAMS 0x000000008cc00000, 0x000000008cc00000| Untracked 
| 115|0x000000008cd00000, 0x000000008cd00000, 0x000000008ce00000|  0%| F|  |TAMS 0x000000008cd00000, 0x000000008cd00000| Untracked 
| 116|0x000000008ce00000, 0x000000008ce00000, 0x000000008cf00000|  0%| F|  |TAMS 0x000000008ce00000, 0x000000008ce00000| Untracked 
| 117|0x000000008cf00000, 0x000000008cf00000, 0x000000008d000000|  0%| F|  |TAMS 0x000000008cf00000, 0x000000008cf00000| Untracked 
| 118|0x000000008d000000, 0x000000008d000000, 0x000000008d100000|  0%| F|  |TAMS 0x000000008d000000, 0x000000008d000000| Untracked 
| 119|0x000000008d100000, 0x000000008d200000, 0x000000008d200000|100%| E|  |TAMS 0x000000008d100000, 0x000000008d100000| Complete 
| 120|0x000000008d200000, 0x000000008d300000, 0x000000008d300000|100%| E|CS|TAMS 0x000000008d200000, 0x000000008d200000| Complete 
| 121|0x000000008d300000, 0x000000008d400000, 0x000000008d400000|100%| E|CS|TAMS 0x000000008d300000, 0x000000008d300000| Complete 
| 122|0x000000008d400000, 0x000000008d500000, 0x000000008d500000|100%| E|CS|TAMS 0x000000008d400000, 0x000000008d400000| Complete 
| 123|0x000000008d500000, 0x000000008d600000, 0x000000008d600000|100%| E|CS|TAMS 0x000000008d500000, 0x000000008d500000| Complete 

Card table byte_map: [0x00007f546d2ee000,0x00007f546d6c1000] _byte_map_base: 0x00007f546cec1000

Marking Bits (Prev, Next): (CMBitMap*) 0x00007f54680637a8, (CMBitMap*) 0x00007f54680637e0
 Prev Bits: [0x00007f544a168000, 0x00007f544c000000)
 Next Bits: [0x00007f54482d0000, 0x00007f544a168000)

Polling page: 0x00007f5471f2c000

Metaspace:

Usage:
  Non-class:      7.88 MB capacity,     7.80 MB ( 99%) used,    75.69 KB ( <1%) free+waste,     6.44 KB ( <1%) overhead. 
      Class:    802.00 KB capacity,   766.14 KB ( 96%) used,    33.42 KB (  4%) free+waste,     2.44 KB ( <1%) overhead. 
       Both:      8.66 MB capacity,     8.54 MB ( 99%) used,   109.11 KB (  1%) free+waste,     8.88 KB ( <1%) overhead. 

Virtual space:
  Non-class space:        8.00 MB reserved,       8.00 MB (100%) committed 
      Class space:        1.00 GB reserved,     896.00 KB ( <1%) committed 
             Both:        1.01 GB reserved,       8.88 MB ( <1%) committed 

Chunk freelists:
   Non-Class:  5.38 KB
       Class:  3.75 KB
        Both:  9.12 KB

CodeHeap 'non-profiled nmethods': size=120032Kb used=110Kb max_used=110Kb free=119921Kb
 bounds [0x00007f545870d000, 0x00007f545897d000, 0x00007f545fc45000]
CodeHeap 'profiled nmethods': size=120032Kb used=495Kb max_used=495Kb free=119536Kb
 bounds [0x00007f54511d5000, 0x00007f5451445000, 0x00007f545870d000]
CodeHeap 'non-nmethods': size=5696Kb used=1115Kb max_used=1128Kb free=4580Kb
 bounds [0x00007f5450c45000, 0x00007f5450eb5000, 0x00007f54511d5000]
 total_blobs=822 nmethods=365 adapters=273
 compilation: enabled
              stopped_count=0, restarted_count=0
 full_count=0

Compilation events (10 events):
Event: 0.373 Thread 0x00007f54681cf800  361       4       java.lang.String::coder (15 bytes)
Event: 0.373 Thread 0x00007f54681cf800 nmethod 361 0x00007f5458728690 code [0x00007f5458728820, 0x00007f5458728878]
Event: 89.055 Thread 0x00007f54681d1800  362       3       org.eclipse.jdt.launching.internal.org.objectweb.asm.ClassReader::readUnsignedShort (26 bytes)
Event: 89.055 Thread 0x00007f54681d1800 nmethod 362 0x00007f545124fc10 code [0x00007f545124fdc0, 0x00007f545124ff70]
Event: 89.056 Thread 0x00007f54681d1800  363       3       org.eclipse.jdt.launching.internal.org.objectweb.asm.ByteVector::putShort (52 bytes)
Event: 89.058 Thread 0x00007f54681d1800 nmethod 363 0x00007f5451250090 code [0x00007f5451250260, 0x00007f54512504c8]
Event: 178.787 Thread 0x00007f54681d1800  364       3       org.eclipse.jdt.launching.internal.org.objectweb.asm.SymbolTable::get (13 bytes)
Event: 178.787 Thread 0x00007f54681d1800 nmethod 364 0x00007f5451250610 code [0x00007f54512507c0, 0x00007f5451250970]
Event: 183.359 Thread 0x00007f54681d1800  365       3       org.eclipse.jdt.launching.internal.org.objectweb.asm.SymbolTable::hash (10 bytes)
Event: 183.359 Thread 0x00007f54681d1800 nmethod 365 0x00007f5451250a90 code [0x00007f5451250c40, 0x00007f5451250dc8]

GC Heap History (0 events):
No events

Deoptimization events (0 events):
No events

Classes redefined (3 events):
Event: 89.057 Thread 0x00007f54681ae800 redefined class name=com.day2.session1.is_a.DemoInh, count=1
Event: 178.790 Thread 0x00007f54681ae800 redefined class name=com.day2.session1.is_a.DemoInh, count=2
Event: 183.361 Thread 0x00007f54681ae800 redefined class name=com.day2.session1.is_a.DemoInh, count=3

Internal exceptions (0 events):
No events

Events (10 events):
Event: 183.373 Executing VM operation: GetCurrentContendedMonitor done
Event: 1477.443 loading class jdk/internal/misc/Signal$1
Event: 1477.444 loading class jdk/internal/misc/Signal$1 done
Event: 1477.519 Thread 0x00007f5420001800 Thread added: 0x00007f5420001800
Event: 1477.520 loading class java/lang/Shutdown
Event: 1477.520 loading class java/lang/Shutdown done
Event: 1477.520 loading class java/lang/Shutdown$Lock
Event: 1477.520 loading class java/lang/Shutdown$Lock done
Event: 1477.578 Thread 0x00007f5420003000 Thread added: 0x00007f5420003000
Event: 1477.580 Thread 0x00007f54681cd800 Thread exited: 0x00007f54681cd800


Dynamic libraries:
00400000-00401000 r-xp 00000000 08:01 14186332                           /usr/lib/java/jdk-11.0.1/bin/java
00600000-00601000 r--p 00000000 08:01 14186332                           /usr/lib/java/jdk-11.0.1/bin/java
00601000-00602000 rw-p 00001000 08:01 14186332                           /usr/lib/java/jdk-11.0.1/bin/java
00a7e000-00a9f000 rw-p 00000000 00:00 0                                  [heap]
85a00000-8d600000 rw-p 00000000 00:00 0 
8d600000-100000000 ---p 00000000 00:00 0 
100000000-1000e0000 rw-p 00000000 00:00 0 
1000e0000-140000000 ---p 00000000 00:00 0 
7f53f8000000-7f53f8021000 rw-p 00000000 00:00 0 
7f53f8021000-7f53fc000000 ---p 00000000 00:00 0 
7f5400000000-7f5400021000 rw-p 00000000 00:00 0 
7f5400021000-7f5404000000 ---p 00000000 00:00 0 
7f5404000000-7f5404021000 rw-p 00000000 00:00 0 
7f5404021000-7f5408000000 ---p 00000000 00:00 0 
7f5408000000-7f5408021000 rw-p 00000000 00:00 0 
7f5408021000-7f540c000000 ---p 00000000 00:00 0 
7f540c000000-7f540c021000 rw-p 00000000 00:00 0 
7f540c021000-7f5410000000 ---p 00000000 00:00 0 
7f5410000000-7f5410021000 rw-p 00000000 00:00 0 
7f5410021000-7f5414000000 ---p 00000000 00:00 0 
7f5414000000-7f5414021000 rw-p 00000000 00:00 0 
7f5414021000-7f5418000000 ---p 00000000 00:00 0 
7f5418000000-7f54180b7000 rw-p 00000000 00:00 0 
7f54180b7000-7f541c000000 ---p 00000000 00:00 0 
7f541c000000-7f541c021000 rw-p 00000000 00:00 0 
7f541c021000-7f5420000000 ---p 00000000 00:00 0 
7f5420000000-7f5420021000 rw-p 00000000 00:00 0 
7f5420021000-7f5424000000 ---p 00000000 00:00 0 
7f5424000000-7f5424310000 rw-p 00000000 00:00 0 
7f5424310000-7f5428000000 ---p 00000000 00:00 0 
7f5428000000-7f5428021000 rw-p 00000000 00:00 0 
7f5428021000-7f542c000000 ---p 00000000 00:00 0 
7f542c000000-7f542c021000 rw-p 00000000 00:00 0 
7f542c021000-7f5430000000 ---p 00000000 00:00 0 
7f5430000000-7f5430021000 rw-p 00000000 00:00 0 
7f5430021000-7f5434000000 ---p 00000000 00:00 0 
7f5434000000-7f5434021000 rw-p 00000000 00:00 0 
7f5434021000-7f5438000000 ---p 00000000 00:00 0 
7f5438000000-7f5438021000 rw-p 00000000 00:00 0 
7f5438021000-7f543c000000 ---p 00000000 00:00 0 
7f543c000000-7f543c021000 rw-p 00000000 00:00 0 
7f543c021000-7f5440000000 ---p 00000000 00:00 0 
7f5440432000-7f54407dc000 rw-p 00000000 00:00 0 
7f54407dc000-7f54407e0000 ---p 00000000 00:00 0 
7f54407e0000-7f54408dd000 rw-p 00000000 00:00 0 
7f54408dd000-7f54408e1000 ---p 00000000 00:00 0 
7f54408e1000-7f54409de000 rw-p 00000000 00:00 0 
7f54409de000-7f54409df000 ---p 00000000 00:00 0 
7f54409df000-7f5440ae0000 rw-p 00000000 00:00 0 
7f5440ae0000-7f5440ae4000 ---p 00000000 00:00 0 
7f5440ae4000-7f5440be1000 rw-p 00000000 00:00 0 
7f5440be1000-7f5440bf7000 r-xp 00000000 08:01 14188356                   /usr/lib/java/jdk-11.0.1/lib/libnet.so
7f5440bf7000-7f5440df6000 ---p 00016000 08:01 14188356                   /usr/lib/java/jdk-11.0.1/lib/libnet.so
7f5440df6000-7f5440df7000 r--p 00015000 08:01 14188356                   /usr/lib/java/jdk-11.0.1/lib/libnet.so
7f5440df7000-7f5440df8000 rw-p 00016000 08:01 14188356                   /usr/lib/java/jdk-11.0.1/lib/libnet.so
7f5440df8000-7f5440e08000 r-xp 00000000 08:01 14188363                   /usr/lib/java/jdk-11.0.1/lib/libnio.so
7f5440e08000-7f5441007000 ---p 00010000 08:01 14188363                   /usr/lib/java/jdk-11.0.1/lib/libnio.so
7f5441007000-7f5441008000 r--p 0000f000 08:01 14188363                   /usr/lib/java/jdk-11.0.1/lib/libnio.so
7f5441008000-7f5441009000 rw-p 00010000 08:01 14188363                   /usr/lib/java/jdk-11.0.1/lib/libnio.so
7f5441009000-7f544100d000 ---p 00000000 00:00 0 
7f544100d000-7f544110a000 rw-p 00000000 00:00 0 
7f544110a000-7f5442000000 r--p 00000000 08:01 2626515                    /usr/lib/locale/locale-archive
7f5442000000-7f5444000000 rw-p 00000000 00:00 0 
7f5444000000-7f5444021000 rw-p 00000000 00:00 0 
7f5444021000-7f5448000000 ---p 00000000 00:00 0 
7f54480ce000-7f54480d2000 ---p 00000000 00:00 0 
7f54480d2000-7f54481cf000 rw-p 00000000 00:00 0 
7f54481cf000-7f54481d3000 ---p 00000000 00:00 0 
7f54481d3000-7f54484c0000 rw-p 00000000 00:00 0 
7f54484c0000-7f544a168000 ---p 00000000 00:00 0 
7f544a168000-7f544a358000 rw-p 00000000 00:00 0 
7f544a358000-7f544c000000 ---p 00000000 00:00 0 
7f544c000000-7f544c021000 rw-p 00000000 00:00 0 
7f544c021000-7f5450000000 ---p 00000000 00:00 0 
7f545003d000-7f5450041000 r-xp 00000000 08:01 14188313                   /usr/lib/java/jdk-11.0.1/lib/libdt_socket.so
7f5450041000-7f5450241000 ---p 00004000 08:01 14188313                   /usr/lib/java/jdk-11.0.1/lib/libdt_socket.so
7f5450241000-7f5450242000 r--p 00004000 08:01 14188313                   /usr/lib/java/jdk-11.0.1/lib/libdt_socket.so
7f5450242000-7f5450243000 rw-p 00005000 08:01 14188313                   /usr/lib/java/jdk-11.0.1/lib/libdt_socket.so
7f5450243000-7f5450247000 ---p 00000000 00:00 0 
7f5450247000-7f5450344000 rw-p 00000000 00:00 0 
7f5450344000-7f5450348000 ---p 00000000 00:00 0 
7f5450348000-7f5450c45000 rw-p 00000000 00:00 0 
7f5450c45000-7f5450eb5000 rwxp 00000000 00:00 0 
7f5450eb5000-7f54511d5000 ---p 00000000 00:00 0 
7f54511d5000-7f5451445000 rwxp 00000000 00:00 0 
7f5451445000-7f545870d000 ---p 00000000 00:00 0 
7f545870d000-7f545897d000 rwxp 00000000 00:00 0 
7f545897d000-7f545fc45000 ---p 00000000 00:00 0 
7f545fc45000-7f5468000000 r--s 00000000 08:01 14188387                   /usr/lib/java/jdk-11.0.1/lib/modules
7f5468000000-7f54683e5000 rw-p 00000000 00:00 0 
7f54683e5000-7f546c000000 ---p 00000000 00:00 0 
7f546c087000-7f546c08b000 ---p 00000000 00:00 0 
7f546c08b000-7f546c188000 rw-p 00000000 00:00 0 
7f546c188000-7f546c18c000 ---p 00000000 00:00 0 
7f546c18c000-7f546c289000 rw-p 00000000 00:00 0 
7f546c289000-7f546c28d000 ---p 00000000 00:00 0 
7f546c28d000-7f546c38a000 rw-p 00000000 00:00 0 
7f546c38a000-7f546c38e000 ---p 00000000 00:00 0 
7f546c38e000-7f546c48b000 rw-p 00000000 00:00 0 
7f546c48b000-7f546c48f000 ---p 00000000 00:00 0 
7f546c48f000-7f546c58c000 rw-p 00000000 00:00 0 
7f546c58c000-7f546c58d000 ---p 00000000 00:00 0 
7f546c58d000-7f546c70f000 rw-p 00000000 00:00 0 
7f546c70f000-7f546c710000 ---p 00000000 00:00 0 
7f546c710000-7f546c811000 rw-p 00000000 00:00 0 
7f546c811000-7f546c812000 ---p 00000000 00:00 0 
7f546c812000-7f546cd17000 rw-p 00000000 00:00 0 
7f546cd17000-7f546cd18000 ---p 00000000 00:00 0 
7f546cd18000-7f546ce19000 rw-p 00000000 00:00 0 
7f546ce19000-7f546ce1a000 ---p 00000000 00:00 0 
7f546ce1a000-7f546cf59000 rw-p 00000000 00:00 0 
7f546cf59000-7f546d2ee000 ---p 00000000 00:00 0 
7f546d2ee000-7f546d32c000 rw-p 00000000 00:00 0 
7f546d32c000-7f546d6c1000 ---p 00000000 00:00 0 
7f546d6c1000-7f546d6ff000 rw-p 00000000 00:00 0 
7f546d6ff000-7f546da94000 ---p 00000000 00:00 0 
7f546da94000-7f546de98000 rw-p 00000000 00:00 0 
7f546de98000-7f546de99000 ---p 00000000 00:00 0 
7f546de99000-7f546df9f000 rw-p 00000000 00:00 0 
7f546df9f000-7f546e085000 ---p 00000000 00:00 0 
7f546e085000-7f546e08a000 rw-p 00000000 00:00 0 
7f546e08a000-7f546e170000 ---p 00000000 00:00 0 
7f546e170000-7f546e18b000 r-xp 00000000 08:01 14188341                   /usr/lib/java/jdk-11.0.1/lib/libjimage.so
7f546e18b000-7f546e38a000 ---p 0001b000 08:01 14188341                   /usr/lib/java/jdk-11.0.1/lib/libjimage.so
7f546e38a000-7f546e38c000 r--p 0001a000 08:01 14188341                   /usr/lib/java/jdk-11.0.1/lib/libjimage.so
7f546e38c000-7f546e38d000 rw-p 0001c000 08:01 14188341                   /usr/lib/java/jdk-11.0.1/lib/libjimage.so
7f546e38d000-7f546e394000 r-xp 00000000 08:01 14188386                   /usr/lib/java/jdk-11.0.1/lib/libzip.so
7f546e394000-7f546e593000 ---p 00007000 08:01 14188386                   /usr/lib/java/jdk-11.0.1/lib/libzip.so
7f546e593000-7f546e594000 r--p 00006000 08:01 14188386                   /usr/lib/java/jdk-11.0.1/lib/libzip.so
7f546e594000-7f546e595000 rw-p 00007000 08:01 14188386                   /usr/lib/java/jdk-11.0.1/lib/libzip.so
7f546e595000-7f546e5a0000 r-xp 00000000 08:01 12588253                   /lib/x86_64-linux-gnu/libnss_files-2.28.so
7f546e5a0000-7f546e79f000 ---p 0000b000 08:01 12588253                   /lib/x86_64-linux-gnu/libnss_files-2.28.so
7f546e79f000-7f546e7a0000 r--p 0000a000 08:01 12588253                   /lib/x86_64-linux-gnu/libnss_files-2.28.so
7f546e7a0000-7f546e7a1000 rw-p 0000b000 08:01 12588253                   /lib/x86_64-linux-gnu/libnss_files-2.28.so
7f546e7a1000-7f546e7a7000 rw-p 00000000 00:00 0 
7f546e7a7000-7f546e7bd000 r-xp 00000000 08:01 12588247                   /lib/x86_64-linux-gnu/libnsl-2.28.so
7f546e7bd000-7f546e9bc000 ---p 00016000 08:01 12588247                   /lib/x86_64-linux-gnu/libnsl-2.28.so
7f546e9bc000-7f546e9bd000 r--p 00015000 08:01 12588247                   /lib/x86_64-linux-gnu/libnsl-2.28.so
7f546e9bd000-7f546e9be000 rw-p 00016000 08:01 12588247                   /lib/x86_64-linux-gnu/libnsl-2.28.so
7f546e9be000-7f546e9c0000 rw-p 00000000 00:00 0 
7f546e9c0000-7f546e9cb000 r-xp 00000000 08:01 12588263                   /lib/x86_64-linux-gnu/libnss_nis-2.28.so
7f546e9cb000-7f546ebca000 ---p 0000b000 08:01 12588263                   /lib/x86_64-linux-gnu/libnss_nis-2.28.so
7f546ebca000-7f546ebcb000 r--p 0000a000 08:01 12588263                   /lib/x86_64-linux-gnu/libnss_nis-2.28.so
7f546ebcb000-7f546ebcc000 rw-p 0000b000 08:01 12588263                   /lib/x86_64-linux-gnu/libnss_nis-2.28.so
7f546ebcc000-7f546ebd4000 r-xp 00000000 08:01 12588249                   /lib/x86_64-linux-gnu/libnss_compat-2.28.so
7f546ebd4000-7f546edd3000 ---p 00008000 08:01 12588249                   /lib/x86_64-linux-gnu/libnss_compat-2.28.so
7f546edd3000-7f546edd4000 r--p 00007000 08:01 12588249                   /lib/x86_64-linux-gnu/libnss_compat-2.28.so
7f546edd4000-7f546edd5000 rw-p 00008000 08:01 12588249                   /lib/x86_64-linux-gnu/libnss_compat-2.28.so
7f546edd5000-7f546eddf000 r-xp 00000000 08:01 14188317                   /usr/lib/java/jdk-11.0.1/lib/libinstrument.so
7f546eddf000-7f546efde000 ---p 0000a000 08:01 14188317                   /usr/lib/java/jdk-11.0.1/lib/libinstrument.so
7f546efde000-7f546efdf000 r--p 00009000 08:01 14188317                   /usr/lib/java/jdk-11.0.1/lib/libinstrument.so
7f546efdf000-7f546efe0000 rw-p 0000a000 08:01 14188317                   /usr/lib/java/jdk-11.0.1/lib/libinstrument.so
7f546efe0000-7f546f01b000 r-xp 00000000 08:01 14188340                   /usr/lib/java/jdk-11.0.1/lib/libjdwp.so
7f546f01b000-7f546f21a000 ---p 0003b000 08:01 14188340                   /usr/lib/java/jdk-11.0.1/lib/libjdwp.so
7f546f21a000-7f546f21b000 r--p 0003a000 08:01 14188340                   /usr/lib/java/jdk-11.0.1/lib/libjdwp.so
7f546f21b000-7f546f21c000 rw-p 0003b000 08:01 14188340                   /usr/lib/java/jdk-11.0.1/lib/libjdwp.so
7f546f21c000-7f546f247000 r-xp 00000000 08:01 14188325                   /usr/lib/java/jdk-11.0.1/lib/libjava.so
7f546f247000-7f546f446000 ---p 0002b000 08:01 14188325                   /usr/lib/java/jdk-11.0.1/lib/libjava.so
7f546f446000-7f546f447000 r--p 0002a000 08:01 14188325                   /usr/lib/java/jdk-11.0.1/lib/libjava.so
7f546f447000-7f546f449000 rw-p 0002b000 08:01 14188325                   /usr/lib/java/jdk-11.0.1/lib/libjava.so
7f546f449000-7f546f456000 r-xp 00000000 08:01 14188384                   /usr/lib/java/jdk-11.0.1/lib/libverify.so
7f546f456000-7f546f655000 ---p 0000d000 08:01 14188384                   /usr/lib/java/jdk-11.0.1/lib/libverify.so
7f546f655000-7f546f657000 r--p 0000c000 08:01 14188384                   /usr/lib/java/jdk-11.0.1/lib/libverify.so
7f546f657000-7f546f658000 rw-p 0000e000 08:01 14188384                   /usr/lib/java/jdk-11.0.1/lib/libverify.so
7f546f658000-7f546f65f000 r-xp 00000000 08:01 12588303                   /lib/x86_64-linux-gnu/librt-2.28.so
7f546f65f000-7f546f85e000 ---p 00007000 08:01 12588303                   /lib/x86_64-linux-gnu/librt-2.28.so
7f546f85e000-7f546f85f000 r--p 00006000 08:01 12588303                   /lib/x86_64-linux-gnu/librt-2.28.so
7f546f85f000-7f546f860000 rw-p 00007000 08:01 12588303                   /lib/x86_64-linux-gnu/librt-2.28.so
7f546f860000-7f546f9ea000 r-xp 00000000 08:01 12588226                   /lib/x86_64-linux-gnu/libm-2.28.so
7f546f9ea000-7f546fbe9000 ---p 0018a000 08:01 12588226                   /lib/x86_64-linux-gnu/libm-2.28.so
7f546fbe9000-7f546fbea000 r--p 00189000 08:01 12588226                   /lib/x86_64-linux-gnu/libm-2.28.so
7f546fbea000-7f546fbeb000 rw-p 0018a000 08:01 12588226                   /lib/x86_64-linux-gnu/libm-2.28.so
7f546fbeb000-7f5470d73000 r-xp 00000000 08:01 8996                       /usr/lib/java/jdk-11.0.1/lib/server/libjvm.so
7f5470d73000-7f5470f73000 ---p 01188000 08:01 8996                       /usr/lib/java/jdk-11.0.1/lib/server/libjvm.so
7f5470f73000-7f547103d000 r--p 01188000 08:01 8996                       /usr/lib/java/jdk-11.0.1/lib/server/libjvm.so
7f547103d000-7f5471077000 rw-p 01252000 08:01 8996                       /usr/lib/java/jdk-11.0.1/lib/server/libjvm.so
7f5471077000-7f54710cd000 rw-p 00000000 00:00 0 
7f54710cd000-7f54712ab000 r-xp 00000000 08:01 12588165                   /lib/x86_64-linux-gnu/libc-2.28.so
7f54712ab000-7f54714aa000 ---p 001de000 08:01 12588165                   /lib/x86_64-linux-gnu/libc-2.28.so
7f54714aa000-7f54714ae000 r--p 001dd000 08:01 12588165                   /lib/x86_64-linux-gnu/libc-2.28.so
7f54714ae000-7f54714b0000 rw-p 001e1000 08:01 12588165                   /lib/x86_64-linux-gnu/libc-2.28.so
7f54714b0000-7f54714b4000 rw-p 00000000 00:00 0 
7f54714b4000-7f54714b7000 r-xp 00000000 08:01 12588186                   /lib/x86_64-linux-gnu/libdl-2.28.so
7f54714b7000-7f54716b6000 ---p 00003000 08:01 12588186                   /lib/x86_64-linux-gnu/libdl-2.28.so
7f54716b6000-7f54716b7000 r--p 00002000 08:01 12588186                   /lib/x86_64-linux-gnu/libdl-2.28.so
7f54716b7000-7f54716b8000 rw-p 00003000 08:01 12588186                   /lib/x86_64-linux-gnu/libdl-2.28.so
7f54716b8000-7f54716c7000 r-xp 00000000 08:01 14421340                   /usr/lib/java/jdk-11.0.1/lib/jli/libjli.so
7f54716c7000-7f54718c7000 ---p 0000f000 08:01 14421340                   /usr/lib/java/jdk-11.0.1/lib/jli/libjli.so
7f54718c7000-7f54718c8000 r--p 0000f000 08:01 14421340                   /usr/lib/java/jdk-11.0.1/lib/jli/libjli.so
7f54718c8000-7f54718c9000 rw-p 00010000 08:01 14421340                   /usr/lib/java/jdk-11.0.1/lib/jli/libjli.so
7f54718c9000-7f54718e4000 r-xp 00000000 08:01 12588295                   /lib/x86_64-linux-gnu/libpthread-2.28.so
7f54718e4000-7f5471ae3000 ---p 0001b000 08:01 12588295                   /lib/x86_64-linux-gnu/libpthread-2.28.so
7f5471ae3000-7f5471ae4000 r--p 0001a000 08:01 12588295                   /lib/x86_64-linux-gnu/libpthread-2.28.so
7f5471ae4000-7f5471ae5000 rw-p 0001b000 08:01 12588295                   /lib/x86_64-linux-gnu/libpthread-2.28.so
7f5471ae5000-7f5471ae9000 rw-p 00000000 00:00 0 
7f5471ae9000-7f5471b05000 r-xp 00000000 08:01 12582989                   /lib/x86_64-linux-gnu/libz.so.1.2.11
7f5471b05000-7f5471d04000 ---p 0001c000 08:01 12582989                   /lib/x86_64-linux-gnu/libz.so.1.2.11
7f5471d04000-7f5471d05000 r--p 0001b000 08:01 12582989                   /lib/x86_64-linux-gnu/libz.so.1.2.11
7f5471d05000-7f5471d06000 rw-p 0001c000 08:01 12582989                   /lib/x86_64-linux-gnu/libz.so.1.2.11
7f5471d06000-7f5471d2e000 r-xp 00000000 08:01 12588137                   /lib/x86_64-linux-gnu/ld-2.28.so
7f5471d6a000-7f5471d71000 r--s 00000000 08:01 2886588                    /usr/lib/x86_64-linux-gnu/gconv/gconv-modules.cache
7f5471d71000-7f5471e0e000 rw-p 00000000 00:00 0 
7f5471e0e000-7f5471e12000 ---p 00000000 00:00 0 
7f5471e12000-7f5471f13000 rw-p 00000000 00:00 0 
7f5471f18000-7f5471f1d000 rw-p 00000000 00:00 0 
7f5471f1d000-7f5471f24000 ---p 00000000 00:00 0 
7f5471f24000-7f5471f2c000 rw-s 00000000 08:01 7864831                    /tmp/hsperfdata_raj/14347
7f5471f2c000-7f5471f2d000 ---p 00000000 00:00 0 
7f5471f2d000-7f5471f2e000 r--p 00000000 00:00 0 
7f5471f2e000-7f5471f2f000 r--p 00028000 08:01 12588137                   /lib/x86_64-linux-gnu/ld-2.28.so
7f5471f2f000-7f5471f30000 rw-p 00029000 08:01 12588137                   /lib/x86_64-linux-gnu/ld-2.28.so
7f5471f30000-7f5471f31000 rw-p 00000000 00:00 0 
7ffd84e93000-7ffd84eb4000 rw-p 00000000 00:00 0                          [stack]
7ffd84fc8000-7ffd84fcb000 r--p 00000000 00:00 0                          [vvar]
7ffd84fcb000-7ffd84fcd000 r-xp 00000000 00:00 0                          [vdso]
ffffffffff600000-ffffffffff601000 --xp 00000000 00:00 0                  [vsyscall]


VM Arguments:
jvm_args: -agentlib:jdwp=transport=dt_socket,suspend=y,address=localhost:36685 -javaagent:/home/raj/Desktop/tools/sts-bundle/sts-3.9.12.RELEASE/configuration/org.eclipse.osgi/303/0/.cp/lib/javaagent-shaded.jar -Dfile.encoding=UTF-8 
java_command: com.day2.session1.is_a.DemoInh
java_class_path (initial): /home/raj/Desktop/shl_stuff/core/day-2/bin
Launcher Type: SUN_STANDARD

[Global flags]
     intx CICompilerCount                          = 3                                         {product} {ergonomic}
     uint ConcGCThreads                            = 1                                         {product} {ergonomic}
     uint G1ConcRefinementThreads                  = 4                                         {product} {ergonomic}
   size_t G1HeapRegionSize                         = 1048576                                   {product} {ergonomic}
    uintx GCDrainStackTargetSize                   = 64                                        {product} {ergonomic}
   size_t InitialHeapSize                          = 130023424                                 {product} {ergonomic}
   size_t MarkStackSize                            = 4194304                                   {product} {ergonomic}
   size_t MaxHeapSize                              = 2053111808                                {product} {ergonomic}
   size_t MaxNewSize                               = 1231028224                                {product} {ergonomic}
   size_t MinHeapDeltaBytes                        = 1048576                                   {product} {ergonomic}
    uintx NonNMethodCodeHeapSize                   = 5830092                                {pd product} {ergonomic}
    uintx NonProfiledCodeHeapSize                  = 122914074                              {pd product} {ergonomic}
    uintx ProfiledCodeHeapSize                     = 122914074                              {pd product} {ergonomic}
    uintx ReservedCodeCacheSize                    = 251658240                              {pd product} {ergonomic}
     bool SegmentedCodeCache                       = true                                      {product} {ergonomic}
     bool UseCompressedClassPointers               = true                                 {lp64_product} {ergonomic}
     bool UseCompressedOops                        = true                                 {lp64_product} {ergonomic}
     bool UseG1GC                                  = true                                      {product} {ergonomic}

Logging:
Log output configuration:
 #0: stdout all=warning uptime,level,tags
 #1: stderr all=off uptime,level,tags

Environment Variables:
PATH=/usr/local/sbin:/usr/local/bin:/usr/sbin:/usr/bin:/sbin:/bin:/usr/games:/usr/local/games:/snap/bin
SHELL=/bin/bash
DISPLAY=:0.0

Signal Handlers:
SIGSEGV: [libjvm.so+0xe5ac10], sa_mask[0]=11111111011111111101111111111110, sa_flags=SA_RESTART|SA_SIGINFO
SIGBUS: [libjvm.so+0xe5ac10], sa_mask[0]=11111111011111111101111111111110, sa_flags=SA_RESTART|SA_SIGINFO
SIGFPE: [libjvm.so+0xe5ac10], sa_mask[0]=11111111011111111101111111111110, sa_flags=SA_RESTART|SA_SIGINFO
SIGPIPE: [libjvm.so+0xc30d00], sa_mask[0]=11111111011111111101111111111110, sa_flags=SA_RESTART|SA_SIGINFO
SIGXFSZ: [libjvm.so+0xc30d00], sa_mask[0]=11111111011111111101111111111110, sa_flags=SA_RESTART|SA_SIGINFO
SIGILL: [libjvm.so+0xe5ac10], sa_mask[0]=11111111011111111101111111111110, sa_flags=SA_RESTART|SA_SIGINFO
SIGUSR2: [libjvm.so+0xc30ba0], sa_mask[0]=00100000000000000000000000000000, sa_flags=SA_RESTART|SA_SIGINFO
SIGHUP: [libjvm.so+0xc30f00], sa_mask[0]=11111111011111111101111111111110, sa_flags=SA_RESTART|SA_SIGINFO
SIGINT: [libjvm.so+0xc30f00], sa_mask[0]=11111111011111111101111111111110, sa_flags=SA_RESTART|SA_SIGINFO
SIGTERM: [libjvm.so+0xc30f00], sa_mask[0]=11111111011111111101111111111110, sa_flags=SA_RESTART|SA_SIGINFO
SIGQUIT: [libjvm.so+0xc30f00], sa_mask[0]=11111111011111111101111111111110, sa_flags=SA_RESTART|SA_SIGINFO


---------------  S Y S T E M  ---------------

OS:DISTRIB_ID=Zorin
DISTRIB_RELEASE=15
DISTRIB_CODENAME=bionic
DISTRIB_DESCRIPTION="Zorin OS 15.3"
uname:Linux 5.4.0-137-generic #154~18.04.1-Ubuntu SMP Tue Jan 10 16:58:20 UTC 2023 x86_64
libc:glibc 2.28 NPTL 2.28 
rlimit: STACK 8192k, CORE 0k, NPROC 31017, NOFILE 1048576, AS infinity, DATA infinity, FSIZE infinity
load average:0.55 0.29 0.35

/proc/meminfo:
MemTotal:        8013840 kB
MemFree:         2998340 kB
MemAvailable:    6386844 kB
Buffers:         1096652 kB
Cached:          2362184 kB
SwapCached:          272 kB
Active:          2704520 kB
Inactive:        1778500 kB
Active(anon):     845592 kB
Inactive(anon):   213760 kB
Active(file):    1858928 kB
Inactive(file):  1564740 kB
Unevictable:         904 kB
Mlocked:              96 kB
SwapTotal:       2097148 kB
SwapFree:        2088700 kB
Dirty:               788 kB
Writeback:             0 kB
AnonPages:       1025004 kB
Mapped:           333312 kB
Shmem:             39792 kB
KReclaimable:     273600 kB
Slab:             385900 kB
SReclaimable:     273600 kB
SUnreclaim:       112300 kB
KernelStack:        7276 kB
PageTables:        17596 kB
NFS_Unstable:          0 kB
Bounce:                0 kB
WritebackTmp:          0 kB
CommitLimit:     6104068 kB
Committed_AS:    3167580 kB
VmallocTotal:   34359738367 kB
VmallocUsed:       63108 kB
VmallocChunk:          0 kB
Percpu:             3360 kB
HardwareCorrupted:     0 kB
AnonHugePages:         0 kB
ShmemHugePages:        0 kB
ShmemPmdMapped:        0 kB
FileHugePages:         0 kB
FilePmdMapped:         0 kB
CmaTotal:              0 kB
CmaFree:               0 kB
HugePages_Total:       0
HugePages_Free:        0
HugePages_Rsvd:        0
HugePages_Surp:        0
Hugepagesize:       2048 kB
Hugetlb:               0 kB
DirectMap4k:      778868 kB
DirectMap2M:     7475200 kB
DirectMap1G:           0 kB


/proc/sys/kernel/threads-max (system-wide limit on the number of threads):
62035


/proc/sys/vm/max_map_count (maximum number of memory map areas a process may have):
65530


/proc/sys/kernel/pid_max (system-wide limit on number of process identifiers):
32768


container (cgroup) information:
container_type: cgroupv1
cpu_cpuset_cpus: 0-3
cpu_memory_nodes: 0
active_processor_count: 4
cpu_quota: -1
cpu_period: 100000
cpu_shares: -1
memory_limit_in_bytes: -1
memory_and_swap_limit_in_bytes: -2
memory_soft_limit_in_bytes: -1
memory_usage_in_bytes: 1857060864
memory_max_usage_in_bytes: 4588261376


CPU:total 4 (initial active 4) (2 cores per cpu, 2 threads per core) family 6 model 142 stepping 9, cmov, cx8, fxsr, mmx, sse, sse2, sse3, ssse3, sse4.1, sse4.2, popcnt, avx, avx2, aes, clmul, erms, 3dnowpref, lzcnt, ht, tsc, tscinvbit, bmi1, bmi2, adx, fma
CPU Model and flags from /proc/cpuinfo:
model name	: Intel(R) Core(TM) i5-7200U CPU @ 2.50GHz
flags		: fpu vme de pse tsc msr pae mce cx8 apic sep mtrr pge mca cmov pat pse36 clflush dts acpi mmx fxsr sse sse2 ss ht tm pbe syscall nx pdpe1gb rdtscp lm constant_tsc art arch_perfmon pebs bts rep_good nopl xtopology nonstop_tsc cpuid aperfmperf pni pclmulqdq dtes64 monitor ds_cpl vmx est tm2 ssse3 sdbg fma cx16 xtpr pdcm pcid sse4_1 sse4_2 x2apic movbe popcnt tsc_deadline_timer aes xsave avx f16c rdrand lahf_lm abm 3dnowprefetch cpuid_fault epb invpcid_single pti ssbd ibrs ibpb stibp tpr_shadow vnmi flexpriority ept vpid ept_ad fsgsbase tsc_adjust bmi1 avx2 smep bmi2 erms invpcid mpx rdseed adx smap clflushopt intel_pt xsaveopt xsavec xgetbv1 xsaves dtherm ida arat pln pts hwp hwp_notify hwp_act_window hwp_epp md_clear flush_l1d arch_capabilities

Memory: 4k page, physical 8013840k(2998088k free), swap 2097148k(2088700k free)

vm_info: Java HotSpot(TM) 64-Bit Server VM (11.0.1+13-LTS) for linux-amd64 JRE (11.0.1+13-LTS), built on Oct  6 2018 05:13:05 by "mach5one" with gcc 7.3.0

END.
